mode: set
github.com/zombar/controller/internal/config/config.go:18.30,26.42 2 1
github.com/zombar/controller/internal/config/config.go:26.42,28.3 1 0
github.com/zombar/controller/internal/config/config.go:30.2,30.20 1 1
github.com/zombar/controller/internal/config/config.go:34.35,35.28 1 1
github.com/zombar/controller/internal/config/config.go:35.28,37.3 1 1
github.com/zombar/controller/internal/config/config.go:38.2,38.33 1 1
github.com/zombar/controller/internal/config/config.go:38.33,40.3 1 1
github.com/zombar/controller/internal/config/config.go:41.2,41.35 1 1
github.com/zombar/controller/internal/config/config.go:41.35,43.3 1 1
github.com/zombar/controller/internal/config/config.go:44.2,44.26 1 1
github.com/zombar/controller/internal/config/config.go:44.26,46.3 1 1
github.com/zombar/controller/internal/config/config.go:47.2,47.12 1 1
github.com/zombar/controller/internal/config/config.go:50.46,52.17 2 1
github.com/zombar/controller/internal/config/config.go:52.17,54.3 1 1
github.com/zombar/controller/internal/config/config.go:55.2,55.14 1 1
github.com/zombar/controller/internal/config/config.go:58.52,60.20 2 1
github.com/zombar/controller/internal/config/config.go:60.20,62.3 1 1
github.com/zombar/controller/internal/config/config.go:63.2,64.16 2 1
github.com/zombar/controller/internal/config/config.go:64.16,66.3 1 0
github.com/zombar/controller/internal/config/config.go:67.2,67.14 1 1
github.com/zombar/controller/internal/handlers/handlers.go:23.117,29.2 1 1
github.com/zombar/controller/internal/handlers/handlers.go:65.69,66.33 1 1
github.com/zombar/controller/internal/handlers/handlers.go:66.33,69.3 2 1
github.com/zombar/controller/internal/handlers/handlers.go:71.2,72.61 2 1
github.com/zombar/controller/internal/handlers/handlers.go:72.61,75.3 2 0
github.com/zombar/controller/internal/handlers/handlers.go:77.2,77.19 1 1
github.com/zombar/controller/internal/handlers/handlers.go:77.19,80.3 2 1
github.com/zombar/controller/internal/handlers/handlers.go:83.2,84.16 2 1
github.com/zombar/controller/internal/handlers/handlers.go:84.16,87.3 2 0
github.com/zombar/controller/internal/handlers/handlers.go:90.2,91.16 2 1
github.com/zombar/controller/internal/handlers/handlers.go:91.16,94.3 2 0
github.com/zombar/controller/internal/handlers/handlers.go:97.2,112.54 3 1
github.com/zombar/controller/internal/handlers/handlers.go:112.54,115.3 2 0
github.com/zombar/controller/internal/handlers/handlers.go:118.2,129.46 2 1
github.com/zombar/controller/internal/handlers/handlers.go:133.71,134.33 1 1
github.com/zombar/controller/internal/handlers/handlers.go:134.33,137.3 2 0
github.com/zombar/controller/internal/handlers/handlers.go:139.2,140.61 2 1
github.com/zombar/controller/internal/handlers/handlers.go:140.61,143.3 2 0
github.com/zombar/controller/internal/handlers/handlers.go:145.2,145.20 1 1
github.com/zombar/controller/internal/handlers/handlers.go:145.20,148.3 2 1
github.com/zombar/controller/internal/handlers/handlers.go:151.2,152.16 2 1
github.com/zombar/controller/internal/handlers/handlers.go:152.16,155.3 2 0
github.com/zombar/controller/internal/handlers/handlers.go:158.2,170.54 3 1
github.com/zombar/controller/internal/handlers/handlers.go:170.54,173.3 2 0
github.com/zombar/controller/internal/handlers/handlers.go:176.2,185.46 2 1
github.com/zombar/controller/internal/handlers/handlers.go:189.70,190.33 1 1
github.com/zombar/controller/internal/handlers/handlers.go:190.33,193.3 2 0
github.com/zombar/controller/internal/handlers/handlers.go:195.2,196.61 2 1
github.com/zombar/controller/internal/handlers/handlers.go:196.61,199.3 2 0
github.com/zombar/controller/internal/handlers/handlers.go:201.2,201.24 1 1
github.com/zombar/controller/internal/handlers/handlers.go:201.24,204.3 2 0
github.com/zombar/controller/internal/handlers/handlers.go:206.2,207.16 2 1
github.com/zombar/controller/internal/handlers/handlers.go:207.16,210.3 2 0
github.com/zombar/controller/internal/handlers/handlers.go:212.2,217.41 2 1
github.com/zombar/controller/internal/handlers/handlers.go:221.70,222.32 1 1
github.com/zombar/controller/internal/handlers/handlers.go:222.32,225.3 2 0
github.com/zombar/controller/internal/handlers/handlers.go:228.2,229.14 2 1
github.com/zombar/controller/internal/handlers/handlers.go:229.14,232.3 2 0
github.com/zombar/controller/internal/handlers/handlers.go:234.2,235.16 2 1
github.com/zombar/controller/internal/handlers/handlers.go:235.16,236.41 1 1
github.com/zombar/controller/internal/handlers/handlers.go:236.41,239.4 2 1
github.com/zombar/controller/internal/handlers/handlers.go:240.3,241.9 2 0
github.com/zombar/controller/internal/handlers/handlers.go:244.2,255.41 2 1
github.com/zombar/controller/internal/handlers/handlers.go:259.72,260.32 1 1
github.com/zombar/controller/internal/handlers/handlers.go:260.32,263.3 2 0
github.com/zombar/controller/internal/handlers/handlers.go:266.2,269.60 3 1
github.com/zombar/controller/internal/handlers/handlers.go:269.60,270.80 1 1
github.com/zombar/controller/internal/handlers/handlers.go:270.80,272.4 1 1
github.com/zombar/controller/internal/handlers/handlers.go:275.2,275.63 1 1
github.com/zombar/controller/internal/handlers/handlers.go:275.63,276.84 1 1
github.com/zombar/controller/internal/handlers/handlers.go:276.84,278.4 1 1
github.com/zombar/controller/internal/handlers/handlers.go:281.2,282.16 2 1
github.com/zombar/controller/internal/handlers/handlers.go:282.16,285.3 2 0
github.com/zombar/controller/internal/handlers/handlers.go:287.2,288.33 2 1
github.com/zombar/controller/internal/handlers/handlers.go:288.33,299.3 1 1
github.com/zombar/controller/internal/handlers/handlers.go:301.2,308.41 2 1
github.com/zombar/controller/internal/handlers/handlers.go:312.66,313.32 1 1
github.com/zombar/controller/internal/handlers/handlers.go:313.32,316.3 2 0
github.com/zombar/controller/internal/handlers/handlers.go:318.2,321.41 2 1
github.com/zombar/controller/internal/handlers/handlers.go:324.71,328.2 3 1
github.com/zombar/controller/internal/handlers/handlers.go:330.70,334.2 3 1
github.com/zombar/controller/internal/storage/migrations.go:60.38,68.16 2 1
github.com/zombar/controller/internal/storage/migrations.go:68.16,70.3 1 0
github.com/zombar/controller/internal/storage/migrations.go:73.2,75.16 3 1
github.com/zombar/controller/internal/storage/migrations.go:75.16,77.3 1 0
github.com/zombar/controller/internal/storage/migrations.go:80.2,80.39 1 1
github.com/zombar/controller/internal/storage/migrations.go:80.39,81.42 1 1
github.com/zombar/controller/internal/storage/migrations.go:81.42,82.12 1 0
github.com/zombar/controller/internal/storage/migrations.go:85.3,86.17 2 1
github.com/zombar/controller/internal/storage/migrations.go:86.17,88.4 1 0
github.com/zombar/controller/internal/storage/migrations.go:91.3,92.17 2 1
github.com/zombar/controller/internal/storage/migrations.go:92.17,95.4 2 0
github.com/zombar/controller/internal/storage/migrations.go:98.3,99.17 2 1
github.com/zombar/controller/internal/storage/migrations.go:99.17,102.4 2 0
github.com/zombar/controller/internal/storage/migrations.go:104.3,104.37 1 1
github.com/zombar/controller/internal/storage/migrations.go:104.37,106.4 1 0
github.com/zombar/controller/internal/storage/migrations.go:108.3,108.78 1 1
github.com/zombar/controller/internal/storage/migrations.go:111.2,111.12 1 1
github.com/zombar/controller/internal/storage/storage.go:31.49,33.16 2 1
github.com/zombar/controller/internal/storage/storage.go:33.16,35.3 1 0
github.com/zombar/controller/internal/storage/storage.go:38.2,38.63 1 1
github.com/zombar/controller/internal/storage/storage.go:38.63,41.3 2 0
github.com/zombar/controller/internal/storage/storage.go:44.2,44.42 1 1
github.com/zombar/controller/internal/storage/storage.go:44.42,47.3 2 0
github.com/zombar/controller/internal/storage/storage.go:49.2,49.30 1 1
github.com/zombar/controller/internal/storage/storage.go:53.33,55.2 1 1
github.com/zombar/controller/internal/storage/storage.go:58.51,60.16 2 1
github.com/zombar/controller/internal/storage/storage.go:60.16,62.3 1 0
github.com/zombar/controller/internal/storage/storage.go:64.2,65.25 2 1
github.com/zombar/controller/internal/storage/storage.go:65.25,67.17 2 1
github.com/zombar/controller/internal/storage/storage.go:67.17,69.4 1 0
github.com/zombar/controller/internal/storage/storage.go:72.2,73.16 2 1
github.com/zombar/controller/internal/storage/storage.go:73.16,75.3 1 0
github.com/zombar/controller/internal/storage/storage.go:76.2,83.16 3 1
github.com/zombar/controller/internal/storage/storage.go:83.16,85.3 1 0
github.com/zombar/controller/internal/storage/storage.go:88.2,88.23 1 1
github.com/zombar/controller/internal/storage/storage.go:88.23,90.17 2 1
github.com/zombar/controller/internal/storage/storage.go:90.17,92.4 1 0
github.com/zombar/controller/internal/storage/storage.go:93.3,95.32 2 1
github.com/zombar/controller/internal/storage/storage.go:95.32,96.52 1 1
github.com/zombar/controller/internal/storage/storage.go:96.52,98.5 1 0
github.com/zombar/controller/internal/storage/storage.go:102.2,102.36 1 1
github.com/zombar/controller/internal/storage/storage.go:102.36,104.3 1 0
github.com/zombar/controller/internal/storage/storage.go:106.2,106.12 1 1
github.com/zombar/controller/internal/storage/storage.go:110.59,120.26 4 1
github.com/zombar/controller/internal/storage/storage.go:120.26,122.3 1 1
github.com/zombar/controller/internal/storage/storage.go:123.2,123.16 1 1
github.com/zombar/controller/internal/storage/storage.go:123.16,125.3 1 0
github.com/zombar/controller/internal/storage/storage.go:128.2,128.20 1 1
github.com/zombar/controller/internal/storage/storage.go:128.20,129.76 1 1
github.com/zombar/controller/internal/storage/storage.go:129.76,131.4 1 0
github.com/zombar/controller/internal/storage/storage.go:135.2,135.53 1 1
github.com/zombar/controller/internal/storage/storage.go:135.53,136.84 1 1
github.com/zombar/controller/internal/storage/storage.go:136.84,138.4 1 0
github.com/zombar/controller/internal/storage/storage.go:141.2,141.18 1 1
github.com/zombar/controller/internal/storage/storage.go:145.83,146.26 1 1
github.com/zombar/controller/internal/storage/storage.go:146.26,148.3 1 0
github.com/zombar/controller/internal/storage/storage.go:150.2,153.33 3 1
github.com/zombar/controller/internal/storage/storage.go:153.33,154.12 1 1
github.com/zombar/controller/internal/storage/storage.go:154.12,157.4 2 1
github.com/zombar/controller/internal/storage/storage.go:157.9,160.4 2 1
github.com/zombar/controller/internal/storage/storage.go:163.2,171.16 3 1
github.com/zombar/controller/internal/storage/storage.go:171.16,173.3 1 0
github.com/zombar/controller/internal/storage/storage.go:174.2,177.18 3 1
github.com/zombar/controller/internal/storage/storage.go:177.18,179.40 2 1
github.com/zombar/controller/internal/storage/storage.go:179.40,181.4 1 0
github.com/zombar/controller/internal/storage/storage.go:182.3,182.38 1 1
github.com/zombar/controller/internal/storage/storage.go:185.2,185.35 1 1
github.com/zombar/controller/internal/storage/storage.go:185.35,187.3 1 0
github.com/zombar/controller/internal/storage/storage.go:189.2,189.24 1 1
github.com/zombar/controller/internal/storage/storage.go:193.71,202.16 3 1
github.com/zombar/controller/internal/storage/storage.go:202.16,204.3 1 0
github.com/zombar/controller/internal/storage/storage.go:205.2,208.18 3 1
github.com/zombar/controller/internal/storage/storage.go:208.18,213.17 4 1
github.com/zombar/controller/internal/storage/storage.go:213.17,215.4 1 0
github.com/zombar/controller/internal/storage/storage.go:217.3,217.21 1 1
github.com/zombar/controller/internal/storage/storage.go:217.21,218.77 1 1
github.com/zombar/controller/internal/storage/storage.go:218.77,220.5 1 0
github.com/zombar/controller/internal/storage/storage.go:223.3,223.54 1 1
github.com/zombar/controller/internal/storage/storage.go:223.54,224.85 1 0
github.com/zombar/controller/internal/storage/storage.go:224.85,226.5 1 0
github.com/zombar/controller/internal/storage/storage.go:229.3,229.36 1 1
github.com/zombar/controller/internal/storage/storage.go:232.2,232.35 1 1
github.com/zombar/controller/internal/storage/storage.go:232.35,234.3 1 0
github.com/zombar/controller/internal/storage/storage.go:236.2,236.22 1 1
